[2023-03-13 17:09:53.194] [pxr_streamer] [info] ***********  Log Begin **********
[2023-03-13 17:09:53.194] [pxr_streamer] [info] process id= 8300
[2023-03-13 17:09:53.194] [pxr_streamer] [info] [8300|26276]driver_impl.cpp:22 DriverImpl: Driver created, this= 0x2a545464120
[2023-03-13 17:09:53.194] [pxr_streamer] [debug] [8300|26276]streaming_driver_interface_impl.cpp:20 StreamingDriverInterfaceImpl: callback= 0x2a61c495cf0, this= 0x2a53938b780
[2023-03-13 17:09:53.194] [pxr_streamer] [debug] [8300|26276]streaming_driver_interface_impl.cpp:117 SetTrackingOrigin: tracking origin= Undefined, this= 0x2a53938b780
[2023-03-13 17:09:53.194] [pxr_streamer] [error] [8300|26276]streaming_driver_interface_impl.cpp:119 SetTrackingOrigin: "not connected", connect_state_ != DriverConnectState::kRpcConnected, this= 0x2a53938b780
[2023-03-13 17:09:53.194] [pxr_streamer] [info] [8300|26276]streaming_driver_interface_impl.cpp:39 ConnectToService: connect to service, this= 0x2a53938b780
[2023-03-13 17:09:53.194] [pxr_streamer] [debug] [8300|11100]streaming_driver_interface_impl.cpp:343 InvokeConnectToService: connect to service, this= 0x2a53938b780
[2023-03-13 17:09:53.194] [pxr_streamer] [debug] [8300|11100]transport_client_tcp2.cpp:33 Start: buffer size(send\recv): 1048576\1048576, this= 0x2a656d9bbe0
[2023-03-13 17:09:53.194] [pxr_streamer] [info] [8300|11100]transport_client_tcp2.cpp:58 Start: server= 127.0.0.1:29000, local=0.0.0.0:0, this= 0x2a656d9bbe0
[2023-03-13 17:09:55.243] [pxr_streamer] [error] [8300|28372]transport_client_tcp2.cpp:145 HandleConnect: connected error= Aucune connexion n’a pu être établie car l’ordinateur cible l’a expressément refusée., this= 0x2a656d9bbe0
[2023-03-13 17:09:55.243] [pxr_streamer] [info] [8300|28372]streaming_driver_interface_impl.cpp:141 NotifyConnectResult: connect to service, result= 10061, this= 0x2a53938b780
[2023-03-13 17:09:55.243] [pxr_streamer] [error] [8300|11100]streaming_driver_interface_impl.cpp:438 HandleTransportConnect: connect to service error= 10061, this= 0x2a53938b780
[2023-03-14 10:10:00.015] [pxr_streamer] [info] ***********  Log Begin **********
[2023-03-14 10:10:00.015] [pxr_streamer] [info] process id= 26896
[2023-03-14 10:10:00.015] [pxr_streamer] [info] [26896|3892]driver_impl.cpp:22 DriverImpl: Driver created, this= 0x2725975f930
[2023-03-14 10:10:00.015] [pxr_streamer] [debug] [26896|3892]streaming_driver_interface_impl.cpp:20 StreamingDriverInterfaceImpl: callback= 0x27259e47260, this= 0x27262859cd0
[2023-03-14 10:10:00.015] [pxr_streamer] [debug] [26896|3892]streaming_driver_interface_impl.cpp:117 SetTrackingOrigin: tracking origin= Undefined, this= 0x27262859cd0
[2023-03-14 10:10:00.015] [pxr_streamer] [error] [26896|3892]streaming_driver_interface_impl.cpp:119 SetTrackingOrigin: "not connected", connect_state_ != DriverConnectState::kRpcConnected, this= 0x27262859cd0
[2023-03-14 10:10:00.015] [pxr_streamer] [info] [26896|3892]streaming_driver_interface_impl.cpp:39 ConnectToService: connect to service, this= 0x27262859cd0
[2023-03-14 10:10:00.015] [pxr_streamer] [debug] [26896|4632]streaming_driver_interface_impl.cpp:343 InvokeConnectToService: connect to service, this= 0x27262859cd0
[2023-03-14 10:10:00.015] [pxr_streamer] [debug] [26896|4632]transport_client_tcp2.cpp:33 Start: buffer size(send\recv): 1048576\1048576, this= 0x2725d4e39a0
[2023-03-14 10:10:00.015] [pxr_streamer] [info] [26896|4632]transport_client_tcp2.cpp:58 Start: server= 127.0.0.1:29000, local=0.0.0.0:0, this= 0x2725d4e39a0
[2023-03-14 10:10:02.057] [pxr_streamer] [error] [26896|29632]transport_client_tcp2.cpp:145 HandleConnect: connected error= Aucune connexion n’a pu être établie car l’ordinateur cible l’a expressément refusée., this= 0x2725d4e39a0
[2023-03-14 10:10:02.057] [pxr_streamer] [info] [26896|29632]streaming_driver_interface_impl.cpp:141 NotifyConnectResult: connect to service, result= 10061, this= 0x27262859cd0
[2023-03-14 10:10:02.057] [pxr_streamer] [error] [26896|4632]streaming_driver_interface_impl.cpp:438 HandleTransportConnect: connect to service error= 10061, this= 0x27262859cd0
[2023-03-14 10:26:42.839] [pxr_streamer] [info] [26896|3892]driver_impl.cpp:22 DriverImpl: Driver created, this= 0x272a8237710
[2023-03-14 10:26:42.839] [pxr_streamer] [debug] [26896|3892]streaming_driver_interface_impl.cpp:20 StreamingDriverInterfaceImpl: callback= 0x2736ab45a30, this= 0x272628586f0
[2023-03-14 10:26:42.839] [pxr_streamer] [debug] [26896|3892]streaming_driver_interface_impl.cpp:27 ~StreamingDriverInterfaceImpl: called, this= 0x27262859cd0
[2023-03-14 10:26:42.839] [pxr_streamer] [info] [26896|3892]driver_impl.cpp:27 ~DriverImpl: Driver destroyed, this= 0x2725975f930
[2023-03-14 10:26:42.839] [pxr_streamer] [debug] [26896|3892]transport_client_tcp2.cpp:73 Stop: called, this= 0x2725d4e39a0
[2023-03-14 10:26:42.840] [pxr_streamer] [debug] [26896|3892]streaming_driver_interface_impl.cpp:117 SetTrackingOrigin: tracking origin= StageLevel, this= 0x272628586f0
[2023-03-14 10:26:42.840] [pxr_streamer] [error] [26896|3892]streaming_driver_interface_impl.cpp:119 SetTrackingOrigin: "not connected", connect_state_ != DriverConnectState::kRpcConnected, this= 0x272628586f0
[2023-03-14 10:26:42.840] [pxr_streamer] [info] [26896|3892]streaming_driver_interface_impl.cpp:39 ConnectToService: connect to service, this= 0x272628586f0
[2023-03-14 10:26:42.840] [pxr_streamer] [debug] [26896|8344]streaming_driver_interface_impl.cpp:343 InvokeConnectToService: connect to service, this= 0x272628586f0
[2023-03-14 10:26:42.840] [pxr_streamer] [debug] [26896|8344]transport_client_tcp2.cpp:33 Start: buffer size(send\recv): 1048576\1048576, this= 0x2725d4e9b60
[2023-03-14 10:26:42.840] [pxr_streamer] [info] [26896|8344]transport_client_tcp2.cpp:58 Start: server= 127.0.0.1:29000, local=0.0.0.0:0, this= 0x2725d4e9b60
[2023-03-14 10:26:42.840] [pxr_streamer] [info] [26896|24240]streaming_driver_interface_impl.cpp:141 NotifyConnectResult: connect to service, result= 0, this= 0x272628586f0
[2023-03-14 10:26:42.840] [pxr_streamer] [debug] [26896|24240]transport_client_tcp2.cpp:161 HandleConnect: local= 127.0.0.1:54770, this= 0x2725d4e9b60
[2023-03-14 10:26:42.840] [pxr_streamer] [debug] [26896|8344]streaming_driver_interface_impl.cpp:444 HandleTransportConnect: connect success, this= 0x272628586f0
[2023-03-14 10:26:42.843] [pxr_streamer] [info] [26896|8344]driver_impl.cpp:59 Connect: send connect request : { id = QgKDUMvJ, timestamp = 89054846, from = Driver, to = SRS, connection info : {id: "PfH9UMziXYnbrlik\000" name: "Streaming Driver SDK\000" module_version: "1.1.1.1\000" protocol_version: "1.0.0.0\000"} }, this= 0x272a8237710
[2023-03-14 10:26:42.844] [pxr_streamer] [info] [26896|8344]streaming_driver_interface_impl.cpp:332 StartRpcConnect: driver id= PfH9UMziXYnbrlik, this= 0x272628586f0
[2023-03-14 10:26:42.844] [pxr_streamer] [info] [26896|8344]driver_impl.cpp:650 ProcessResponseMessage: received connect response : { id = osmJq3Y7, timestamp = 89054849, from = SRS, to = Driver, req_id = QgKDUMvJ, result_code = 1 }, this= 0x272a8237710
[2023-03-14 10:26:42.844] [pxr_streamer] [debug] [26896|8344]streaming_driver_interface_impl.cpp:174 NotifyDriverConnectResult: result= 0, this= 0x272628586f0
[2023-03-14 10:26:42.845] [pxr_streamer] [info] [26896|8344]driver_impl.cpp:447 ProcessNotifyMessage: received connect notify : { id = g8aINP2o, timestamp = 89054850, from = SRS, to = Driver, connection info: { id = PA8E50MGH1100596D, name = PICO 4 Enterprise, module_version = b3159, protocol_version = 1.1.0.0 } }, this= 0x272a8237710
[2023-03-14 10:26:42.845] [pxr_streamer] [debug] [26896|8344]streaming_driver_interface_impl.cpp:216 NotifyDeviceConnected: device info= id= PA8E50MGH1100596D, name= PICO 4 Enterprise, module version= b3159, protocol version= 1.1.0.0, fov= 2,{0,0,0,0}, this= 0x272628586f0
[2023-03-14 10:26:42.845] [pxr_streamer] [info] [26896|8344]streaming_driver_interface_impl.cpp:62 StartStreaming: (1920,1920), fps= 72, this= 0x272628586f0
[2023-03-14 10:26:42.845] [pxr_streamer] [info] [26896|8344]driver_impl.cpp:207 StartStreaming: send start streaming request : { id = OY7HXF3s, timestamp = 89054850, from = Driver, to = SRS, media config : {render_width: 1920 render_height: 1920 fps: 72}, this= 0x272a8237710
[2023-03-14 10:26:42.845] [pxr_streamer] [info] [26896|8344]driver_impl.cpp:507 ProcessNotifyMessage: send update driver state request : , id = BVXPQwre, timestamp = 89054851, from = SRS, to = Driver, streaming state : {streaming_state: kStreamingLaunching}, media config : {}, this= 0x272a8237710
[2023-03-14 10:26:42.845] [pxr_streamer] [debug] [26896|8344]streaming_driver_interface_impl.cpp:252 NotifyStreamingStateUpdated: state= 1, config= (0,0), fps= 0, this= 0x272628586f0
[2023-03-14 10:26:47.010] [pxr_streamer] [info] [26896|8344]driver_impl.cpp:507 ProcessNotifyMessage: send update driver state request : , id = mkNFmii3, timestamp = 89059015, from = SRS, to = Driver, streaming state : {streaming_state: kStreamingReady}, media config : {render_width: 1920 render_height: 1920 fps: 72}, this= 0x272a8237710
[2023-03-14 10:26:47.010] [pxr_streamer] [debug] [26896|8344]streaming_driver_interface_impl.cpp:252 NotifyStreamingStateUpdated: state= 2, config= (1920,1920), fps= 72, this= 0x272628586f0
[2023-03-14 10:26:47.011] [pxr_streamer] [warning] [26896|24240]transport_data_receiver.cpp:89 ProcessReceivedData: recv multi-packet,count = 3, this= 0x2725d4e9d00
[2023-03-14 10:26:47.011] [pxr_streamer] [warning] [26896|24240]transport_data_receiver.cpp:89 ProcessReceivedData: recv multi-packet,count = 4, this= 0x2725d4e9d00
[2023-03-14 10:26:47.011] [pxr_streamer] [warning] [26896|24240]transport_data_receiver.cpp:89 ProcessReceivedData: recv multi-packet,count = 2, this= 0x2725d4e9d00
[2023-03-14 10:27:14.356] [pxr_streamer] [warning] [26896|24240]transport_data_receiver.cpp:89 ProcessReceivedData: recv multi-packet,count = 3, this= 0x2725d4e9d00
[2023-03-14 10:27:15.670] [pxr_streamer] [warning] [26896|24240]transport_data_receiver.cpp:89 ProcessReceivedData: recv multi-packet,count = 2, this= 0x2725d4e9d00
[2023-03-14 10:27:22.674] [pxr_streamer] [info] [26896|3892]streaming_driver_interface_impl.cpp:78 StopStreaming: stop streaming, this= 0x272628586f0
[2023-03-14 10:27:22.674] [pxr_streamer] [info] [26896|8344]driver_impl.cpp:230 StopStreaming: send stop streaming request : { id = qmn6Ormd, timestamp = 89094680, from = Driver, to = SRS }, this= 0x272a8237710
[2023-03-14 10:27:22.674] [pxr_streamer] [info] [26896|3892]streaming_driver_interface_impl.cpp:53 DisconnectFromService: disconnect from service, this= 0x272628586f0
[2023-03-14 10:27:22.674] [pxr_streamer] [debug] [26896|8344]streaming_driver_interface_impl.cpp:374 InvokeDisconnectFromService: disconnect from service, this= 0x272628586f0
[2023-03-14 10:27:22.674] [pxr_streamer] [info] [26896|8344]driver_impl.cpp:81 Disconnect: send disconnect request : { id = neltU8WS, timestamp = 89094680, from = Driver, to = SRS }, this= 0x272a8237710
[2023-03-14 10:27:22.674] [pxr_streamer] [debug] [26896|8344]transport_client_tcp2.cpp:73 Stop: called, this= 0x2725d4e9b60
[2023-03-14 10:27:22.675] [pxr_streamer] [error] [26896|24240]transport_client_tcp2.cpp:116 operator (): recv error= 1236, msg= La connexion réseau a été arrêtée par le système local., this= 0x2725d4e9b60
[2023-03-14 10:27:22.675] [pxr_streamer] [error] [26896|24240]transport_client_tcp2.cpp:129 HandleReceiveData: has been disconnected, this= 0x2725d4e9b60
[2023-03-14 10:27:22.675] [pxr_streamer] [error] [26896|24240]transport_client_tcp2.cpp:105 StartAyncRecv: has been disconnected, this= 0x2725d4e9b60
